0 info it worked if it ends with ok
1 verbose cli [ '/home/gantelmi/Téléchargements/node-v6.0.0-linux-x64/bin/node',
1 verbose cli   '/home/gantelmi/Téléchargements/node-v6.0.0-linux-x64/bin/npm',
1 verbose cli   'start' ]
2 info using npm@3.10.6
3 info using node@v6.0.0
4 verbose run-script [ 'prestart', 'start', 'poststart' ]
5 info lifecycle geobot@1.0.0~prestart: geobot@1.0.0
6 silly lifecycle geobot@1.0.0~prestart: no script for prestart, continuing
7 info lifecycle geobot@1.0.0~start: geobot@1.0.0
8 verbose lifecycle geobot@1.0.0~start: unsafe-perm in lifecycle true
9 verbose lifecycle geobot@1.0.0~start: PATH: /home/gantelmi/Téléchargements/node-v6.0.0-linux-x64/lib/node_modules/npm/bin/node-gyp-bin:/home/gantelmi/Recast/discord/leagueOfBot/node_modules/.bin:/usr/local/heroku/bin:/usr/local/heroku/bin:/usr/local/sbin:/usr/local/bin:/usr/sbin:/usr/bin:/sbin:/bin:/usr/games:/usr/local/games:/home/gantelmi/Téléchargements/node-v6.0.0-linux-x64/bin
10 verbose lifecycle geobot@1.0.0~start: CWD: /home/gantelmi/Recast/discord/leagueOfBot
11 silly lifecycle geobot@1.0.0~start: Args: [ '-c',
11 silly lifecycle   'node ./node_modules/babel-cli/bin/babel-node.js bot.js' ]
12 silly lifecycle geobot@1.0.0~start: Returned: code: 1  signal: null
13 info lifecycle geobot@1.0.0~start: Failed to exec start script
14 verbose stack Error: geobot@1.0.0 start: `node ./node_modules/babel-cli/bin/babel-node.js bot.js`
14 verbose stack Exit status 1
14 verbose stack     at EventEmitter.<anonymous> (/home/gantelmi/Téléchargements/node-v6.0.0-linux-x64/lib/node_modules/npm/lib/utils/lifecycle.js:255:16)
14 verbose stack     at emitTwo (events.js:106:13)
14 verbose stack     at EventEmitter.emit (events.js:191:7)
14 verbose stack     at ChildProcess.<anonymous> (/home/gantelmi/Téléchargements/node-v6.0.0-linux-x64/lib/node_modules/npm/lib/utils/spawn.js:40:14)
14 verbose stack     at emitTwo (events.js:106:13)
14 verbose stack     at ChildProcess.emit (events.js:191:7)
14 verbose stack     at maybeClose (internal/child_process.js:850:16)
14 verbose stack     at Process.ChildProcess._handle.onexit (internal/child_process.js:215:5)
15 verbose pkgid geobot@1.0.0
16 verbose cwd /home/gantelmi/Recast/discord/leagueOfBot
17 error Linux 4.2.0-19-generic
18 error argv "/home/gantelmi/Téléchargements/node-v6.0.0-linux-x64/bin/node" "/home/gantelmi/Téléchargements/node-v6.0.0-linux-x64/bin/npm" "start"
19 error node v6.0.0
20 error npm  v3.10.6
21 error code ELIFECYCLE
22 error geobot@1.0.0 start: `node ./node_modules/babel-cli/bin/babel-node.js bot.js`
22 error Exit status 1
23 error Failed at the geobot@1.0.0 start script 'node ./node_modules/babel-cli/bin/babel-node.js bot.js'.
23 error Make sure you have the latest version of node.js and npm installed.
23 error If you do, this is most likely a problem with the geobot package,
23 error not with npm itself.
23 error Tell the author that this fails on your system:
23 error     node ./node_modules/babel-cli/bin/babel-node.js bot.js
23 error You can get information on how to open an issue for this project with:
23 error     npm bugs geobot
23 error Or if that isn't available, you can get their info via:
23 error     npm owner ls geobot
23 error There is likely additional logging output above.
24 verbose exit [ 1, true ]
